<?xml version="1.0" encoding="UTF-8"?>
<!-- Generated by org.testng.reporters.JUnitReportReporter -->
<testsuite skipped="0" hostname="LAPTOP-D3RMV492" name="com.crmpro.qa.testcases.TestLoginPage" tests="3" failures="0" timestamp="2019-10-06T12:17:28 IST" time="42.718" errors="0">
  <testcase name="testpagetitle" time="15.229" classname="com.crmpro.qa.testcases.TestLoginPage"/>
  <testcase name="crmlogotest" time="16.062" classname="com.crmpro.qa.testcases.TestLoginPage"/>
  <testcase name="testlogin" time="11.427" classname="com.crmpro.qa.testcases.TestLoginPage"/>
</testsuite> <!-- com.crmpro.qa.testcases.TestLoginPage -->
