<?xml version="1.0" encoding="UTF-8"?>
<!-- Generated by org.testng.reporters.JUnitReportReporter -->
<testsuite skipped="0" hostname="LAPTOP-D3RMV492" name="com.crmpro.qa.testcases.TestLoginPage" tests="3" failures="0" timestamp="2019-11-09T13:25:05 IST" time="36.795" errors="0">
  <testcase name="testpagetitle" time="12.113" classname="com.crmpro.qa.testcases.TestLoginPage"/>
  <testcase name="crmlogotest" time="11.047" classname="com.crmpro.qa.testcases.TestLoginPage"/>
  <testcase name="testlogin" time="13.635" classname="com.crmpro.qa.testcases.TestLoginPage"/>
</testsuite> <!-- com.crmpro.qa.testcases.TestLoginPage -->
