<?xml version="1.0" encoding="UTF-8"?>
<!-- Generated by org.testng.reporters.JUnitReportReporter -->
<testsuite skipped="0" hostname="LAPTOP-D3RMV492" name="com.crmpro.qa.testcases.TestLoginPage" tests="3" failures="0" timestamp="2019-10-21T23:10:50 IST" time="67.276" errors="0">
  <testcase name="testpagetitle" time="40.600" classname="com.crmpro.qa.testcases.TestLoginPage"/>
  <testcase name="crmlogotest" time="11.865" classname="com.crmpro.qa.testcases.TestLoginPage"/>
  <testcase name="testlogin" time="14.811" classname="com.crmpro.qa.testcases.TestLoginPage"/>
</testsuite> <!-- com.crmpro.qa.testcases.TestLoginPage -->
