<?xml version="1.0" encoding="UTF-8"?>
<!-- Generated by org.testng.reporters.JUnitReportReporter -->
<testsuite skipped="0" hostname="LAPTOP-D3RMV492" name="com.log4.tests.LoginTest" tests="2" failures="0" timestamp="2019-11-09T13:15:29 IST" time="34.517" errors="0">
  <testcase name="freeCrmTitleTest" time="8.582" classname="com.log4.tests.LoginTest"/>
  <testcase name="freemCRMLogoTest" time="25.935" classname="com.log4.tests.LoginTest"/>
</testsuite> <!-- com.log4.tests.LoginTest -->
